[1.325s] Invoking command in '/home/nvidia/UGV_Rover/ros2_ws/build/hardware_interface_py': PYTHONPATH=/home/nvidia/UGV_Rover/ros2_ws/build/hardware_interface_py/prefix_override:/usr/lib/python3/dist-packages/colcon_core/task/python/colcon_distutils_commands:/home/nvidia/UGV_Rover/ros2_ws/install/hardware_interface_py/lib/python3.10/site-packages:${PYTHONPATH} /usr/bin/python3 -W ignore:setup.py install is deprecated -W ignore:easy_install command is deprecated setup.py develop --editable --build-directory /home/nvidia/UGV_Rover/ros2_ws/build/hardware_interface_py/build --no-deps symlink_data
[1.934s] running develop
[2.338s] running egg_info
[2.368s] creating hardware_interface_py.egg-info
[2.368s] writing hardware_interface_py.egg-info/PKG-INFO
[2.369s] writing dependency_links to hardware_interface_py.egg-info/dependency_links.txt
[2.370s] writing entry points to hardware_interface_py.egg-info/entry_points.txt
[2.370s] writing requirements to hardware_interface_py.egg-info/requires.txt
[2.370s] writing top-level names to hardware_interface_py.egg-info/top_level.txt
[2.371s] writing manifest file 'hardware_interface_py.egg-info/SOURCES.txt'
[2.435s] reading manifest file 'hardware_interface_py.egg-info/SOURCES.txt'
[2.437s] writing manifest file 'hardware_interface_py.egg-info/SOURCES.txt'
[2.469s] running build_ext
[2.469s] Creating /home/nvidia/UGV_Rover/ros2_ws/install/hardware_interface_py/lib/python3.10/site-packages/hardware-interface-py.egg-link (link to .)
[2.471s] Installing ESP_agent script to /home/nvidia/UGV_Rover/ros2_ws/install/hardware_interface_py/lib/hardware_interface_py
[2.471s] 
[2.471s] Installed /home/nvidia/UGV_Rover/ros2_ws/build/hardware_interface_py
[2.471s] running symlink_data
[2.472s] creating /home/nvidia/UGV_Rover/ros2_ws/install/hardware_interface_py/share/ament_index/resource_index/packages
[2.472s] symbolically linking /home/nvidia/UGV_Rover/ros2_ws/build/hardware_interface_py/resource/hardware_interface_py -> /home/nvidia/UGV_Rover/ros2_ws/install/hardware_interface_py/share/ament_index/resource_index/packages
[2.473s] symbolically linking /home/nvidia/UGV_Rover/ros2_ws/build/hardware_interface_py/package.xml -> /home/nvidia/UGV_Rover/ros2_ws/install/hardware_interface_py/share/hardware_interface_py
[2.559s] Invoked command in '/home/nvidia/UGV_Rover/ros2_ws/build/hardware_interface_py' returned '0': PYTHONPATH=/home/nvidia/UGV_Rover/ros2_ws/build/hardware_interface_py/prefix_override:/usr/lib/python3/dist-packages/colcon_core/task/python/colcon_distutils_commands:/home/nvidia/UGV_Rover/ros2_ws/install/hardware_interface_py/lib/python3.10/site-packages:${PYTHONPATH} /usr/bin/python3 -W ignore:setup.py install is deprecated -W ignore:easy_install command is deprecated setup.py develop --editable --build-directory /home/nvidia/UGV_Rover/ros2_ws/build/hardware_interface_py/build --no-deps symlink_data
