[0.017s] Invoking command in '/home/nvidia/UGV_Rover/ros2_ws/build/image_proc': AMENT_PREFIX_PATH=/home/nvidia/UGV_Rover/ros2_ws/install/tracetools_image_pipeline:${AMENT_PREFIX_PATH} CMAKE_PREFIX_PATH=/home/nvidia/UGV_Rover/ros2_ws/install/tracetools_image_pipeline:/opt/ros/humble LD_LIBRARY_PATH=/home/nvidia/UGV_Rover/ros2_ws/install/tracetools_image_pipeline/lib:/usr/local/lib:/usr/local/cuda-12.6/lib64:/opt/ros/humble/opt/rviz_ogre_vendor/lib:/opt/ros/humble/lib/aarch64-linux-gnu:/opt/ros/humble/lib:/usr/local/lib:/usr/local/cuda-12.6/lib64 /usr/bin/cmake /home/nvidia/UGV_Rover/ros2_ws/src/image_pipeline/image_proc -DAMENT_CMAKE_SYMLINK_INSTALL=1 -DCMAKE_INSTALL_PREFIX=/home/nvidia/UGV_Rover/ros2_ws/install/image_proc
[0.116s] -- The C compiler identification is GNU 11.4.0
[0.225s] -- The CXX compiler identification is GNU 11.4.0
[0.244s] -- Detecting C compiler ABI info
[0.391s] -- Detecting C compiler ABI info - done
[0.416s] -- Check for working C compiler: /usr/bin/cc - skipped
[0.417s] -- Detecting C compile features
[0.418s] -- Detecting C compile features - done
[0.426s] -- Detecting CXX compiler ABI info
[0.573s] -- Detecting CXX compiler ABI info - done
[0.598s] -- Check for working CXX compiler: /usr/bin/c++ - skipped
[0.599s] -- Detecting CXX compile features
[0.601s] -- Detecting CXX compile features - done
[0.608s] -- Found ament_cmake_auto: 1.3.12 (/opt/ros/humble/share/ament_cmake_auto/cmake)
[1.357s] -- Found Python3: /usr/bin/python3 (found version "3.10.12") found components: Interpreter 
[1.490s] -- Override CMake install command with custom implementation using symlinks instead of copying resources
[1.759s] -- Looking for pthread.h
[1.908s] -- Looking for pthread.h - found
[1.908s] -- Performing Test CMAKE_HAVE_LIBC_PTHREAD
[2.056s] -- Performing Test CMAKE_HAVE_LIBC_PTHREAD - Success
[2.059s] -- Found Threads: TRUE  
[2.118s] -- Found CUDA: /usr/local/cuda-12.6 (found suitable exact version "12.6") 
[2.211s] -- Found rosidl_generator_c: 3.1.7 (/opt/ros/humble/share/rosidl_generator_c/cmake)
[2.220s] -- Found rosidl_adapter: 3.1.7 (/opt/ros/humble/share/rosidl_adapter/cmake)
[2.235s] -- Found rosidl_generator_cpp: 3.1.7 (/opt/ros/humble/share/rosidl_generator_cpp/cmake)
[2.256s] -- Using all available rosidl_typesupport_c: rosidl_typesupport_fastrtps_c;rosidl_typesupport_introspection_c
[2.283s] -- Using all available rosidl_typesupport_cpp: rosidl_typesupport_fastrtps_cpp;rosidl_typesupport_introspection_cpp
[2.466s] -- Found rmw_implementation_cmake: 6.1.2 (/opt/ros/humble/share/rmw_implementation_cmake/cmake)
[2.470s] -- Found rmw_fastrtps_cpp: 6.2.9 (/opt/ros/humble/share/rmw_fastrtps_cpp/cmake)
[2.609s] -- Found OpenSSL: /usr/lib/aarch64-linux-gnu/libcrypto.so (found version "3.0.2")  
[2.660s] -- Found FastRTPS: /opt/ros/humble/include  
[2.731s] -- Using RMW implementation 'rmw_fastrtps_cpp' as default
[2.924s] -- Found OpenCV: /usr/local (found version "4.10.0") 
[2.952s] -- Found ament_lint_auto: 0.12.14 (/opt/ros/humble/share/ament_lint_auto/cmake)
[2.976s] [0mIn this package, headers install destination is set to `include` by ament_auto_package. It is recommended to install `include/image_proc` instead and will be the default behavior of ament_auto_package from ROS 2 Kilted Kaiju. On distributions before Kilted, ament_auto_package behaves the same way when you use USE_SCOPED_HEADER_INSTALL_DIR option.[0m
[2.987s] -- Added test 'copyright' to check source files copyright and LICENSE
[2.990s] -- Added test 'cppcheck' to perform static code analysis on C / C++ code
[2.991s] -- Configured cppcheck include dirs: /home/nvidia/UGV_Rover/ros2_ws/src/image_pipeline/image_proc/include
[2.991s] -- Configured cppcheck exclude dirs and/or files: 
[2.994s] -- Added test 'cpplint' to check C / C++ code against the Google style
[2.994s] -- Configured cpplint exclude dirs and/or files: 
[2.995s] -- Added test 'flake8' to check Python code syntax and style conventions
[2.996s] -- Added test 'lint_cmake' to check CMake code style
[2.997s] -- Added test 'pep257' to check Python code against some of the docstring style conventions in PEP 257
[2.999s] -- Added test 'uncrustify' to check C / C++ code style
[2.999s] -- Configured uncrustify additional arguments: 
[3.000s] -- Added test 'xmllint' to check XML markup files
[3.006s] -- Configuring done
[3.132s] -- Generating done
[3.171s] -- Build files have been written to: /home/nvidia/UGV_Rover/ros2_ws/build/image_proc
[3.203s] Invoked command in '/home/nvidia/UGV_Rover/ros2_ws/build/image_proc' returned '0': AMENT_PREFIX_PATH=/home/nvidia/UGV_Rover/ros2_ws/install/tracetools_image_pipeline:${AMENT_PREFIX_PATH} CMAKE_PREFIX_PATH=/home/nvidia/UGV_Rover/ros2_ws/install/tracetools_image_pipeline:/opt/ros/humble LD_LIBRARY_PATH=/home/nvidia/UGV_Rover/ros2_ws/install/tracetools_image_pipeline/lib:/usr/local/lib:/usr/local/cuda-12.6/lib64:/opt/ros/humble/opt/rviz_ogre_vendor/lib:/opt/ros/humble/lib/aarch64-linux-gnu:/opt/ros/humble/lib:/usr/local/lib:/usr/local/cuda-12.6/lib64 /usr/bin/cmake /home/nvidia/UGV_Rover/ros2_ws/src/image_pipeline/image_proc -DAMENT_CMAKE_SYMLINK_INSTALL=1 -DCMAKE_INSTALL_PREFIX=/home/nvidia/UGV_Rover/ros2_ws/install/image_proc
[3.209s] Invoking command in '/home/nvidia/UGV_Rover/ros2_ws/build/image_proc': AMENT_PREFIX_PATH=/home/nvidia/UGV_Rover/ros2_ws/install/tracetools_image_pipeline:${AMENT_PREFIX_PATH} CMAKE_PREFIX_PATH=/home/nvidia/UGV_Rover/ros2_ws/install/tracetools_image_pipeline:/opt/ros/humble LD_LIBRARY_PATH=/home/nvidia/UGV_Rover/ros2_ws/install/tracetools_image_pipeline/lib:/usr/local/lib:/usr/local/cuda-12.6/lib64:/opt/ros/humble/opt/rviz_ogre_vendor/lib:/opt/ros/humble/lib/aarch64-linux-gnu:/opt/ros/humble/lib:/usr/local/lib:/usr/local/cuda-12.6/lib64 /usr/bin/cmake --build /home/nvidia/UGV_Rover/ros2_ws/build/image_proc -- -j6 -l6
[3.318s] [  4%] [32mBuilding CXX object CMakeFiles/rectify_node.dir/rclcpp_components/node_main_rectify_node.cpp.o[0m
[3.322s] [ 12%] [32mBuilding CXX object CMakeFiles/image_proc.dir/src/image_proc/processor.cpp.o[0m
[3.322s] [ 12%] [32mBuilding CXX object CMakeFiles/resize_node.dir/rclcpp_components/node_main_resize_node.cpp.o[0m
[3.322s] [ 16%] [32mBuilding CXX object CMakeFiles/debayer_node.dir/rclcpp_components/node_main_debayer_node.cpp.o[0m
[3.335s] [ 20%] [32mBuilding CXX object CMakeFiles/crop_non_zero_node.dir/rclcpp_components/node_main_crop_non_zero_node.cpp.o[0m
[3.343s] [ 24%] [32mBuilding CXX object CMakeFiles/crop_decimate_node.dir/rclcpp_components/node_main_crop_decimate_node.cpp.o[0m
[7.232s] [ 28%] [32m[1mLinking CXX shared library libimage_proc.so[0m
[7.715s] [ 28%] Built target image_proc
[7.770s] [ 32%] [32mBuilding CXX object CMakeFiles/rectify.dir/src/rectify.cpp.o[0m
[12.060s] [ 36%] [32m[1mLinking CXX executable crop_non_zero_node[0m
[12.412s] [ 36%] Built target crop_non_zero_node
[12.423s] [ 40%] [32m[1mLinking CXX executable rectify_node[0m
[12.525s] [ 44%] [32m[1mLinking CXX executable crop_decimate_node[0m
[12.549s] [ 48%] [32m[1mLinking CXX executable resize_node[0m
[12.759s] [ 48%] Built target rectify_node
[12.863s] [ 48%] Built target resize_node
[12.886s] [ 48%] Built target crop_decimate_node
[12.997s] [ 52%] [32m[1mLinking CXX executable debayer_node[0m
[13.238s] [ 52%] Built target debayer_node
[17.691s] [ 56%] [32m[1mLinking CXX shared library librectify.so[0m
[18.082s] [ 56%] Built target rectify
[18.125s] [ 64%] [32mBuilding CXX object CMakeFiles/debayer.dir/src/debayer.cpp.o[0m
[18.125s] [ 64%] [32mBuilding CXX object CMakeFiles/debayer.dir/src/edge_aware.cpp.o[0m
[26.471s] [ 68%] [32m[1mLinking CXX shared library libdebayer.so[0m
[27.075s] [ 68%] Built target debayer
[27.120s] [ 72%] [32mBuilding CXX object CMakeFiles/resize.dir/src/resize.cpp.o[0m
[35.380s] [ 76%] [32m[1mLinking CXX shared library libresize.so[0m
[35.805s] [ 76%] Built target resize
[35.850s] [ 80%] [32mBuilding CXX object CMakeFiles/crop_decimate.dir/src/crop_decimate.cpp.o[0m
[44.144s] [ 84%] [32m[1mLinking CXX shared library libcrop_decimate.so[0m
[44.567s] [ 84%] Built target crop_decimate
[44.611s] [ 88%] [32mBuilding CXX object CMakeFiles/crop_non_zero.dir/src/crop_non_zero.cpp.o[0m
[52.837s] [ 92%] [32m[1mLinking CXX shared library libcrop_non_zero.so[0m
[53.242s] [ 92%] Built target crop_non_zero
[53.286s] [ 96%] [32mBuilding CXX object CMakeFiles/image_proc_exe.dir/src/image_proc.cpp.o[0m
[60.411s] [100%] [32m[1mLinking CXX executable image_proc[0m
[61.364s] [100%] Built target image_proc_exe
[61.391s] Invoked command in '/home/nvidia/UGV_Rover/ros2_ws/build/image_proc' returned '0': AMENT_PREFIX_PATH=/home/nvidia/UGV_Rover/ros2_ws/install/tracetools_image_pipeline:${AMENT_PREFIX_PATH} CMAKE_PREFIX_PATH=/home/nvidia/UGV_Rover/ros2_ws/install/tracetools_image_pipeline:/opt/ros/humble LD_LIBRARY_PATH=/home/nvidia/UGV_Rover/ros2_ws/install/tracetools_image_pipeline/lib:/usr/local/lib:/usr/local/cuda-12.6/lib64:/opt/ros/humble/opt/rviz_ogre_vendor/lib:/opt/ros/humble/lib/aarch64-linux-gnu:/opt/ros/humble/lib:/usr/local/lib:/usr/local/cuda-12.6/lib64 /usr/bin/cmake --build /home/nvidia/UGV_Rover/ros2_ws/build/image_proc -- -j6 -l6
[61.418s] Invoking command in '/home/nvidia/UGV_Rover/ros2_ws/build/image_proc': AMENT_PREFIX_PATH=/home/nvidia/UGV_Rover/ros2_ws/install/tracetools_image_pipeline:${AMENT_PREFIX_PATH} CMAKE_PREFIX_PATH=/home/nvidia/UGV_Rover/ros2_ws/install/tracetools_image_pipeline:/opt/ros/humble LD_LIBRARY_PATH=/home/nvidia/UGV_Rover/ros2_ws/install/tracetools_image_pipeline/lib:/usr/local/lib:/usr/local/cuda-12.6/lib64:/opt/ros/humble/opt/rviz_ogre_vendor/lib:/opt/ros/humble/lib/aarch64-linux-gnu:/opt/ros/humble/lib:/usr/local/lib:/usr/local/cuda-12.6/lib64 /usr/bin/cmake --install /home/nvidia/UGV_Rover/ros2_ws/build/image_proc
[61.436s] -- Install configuration: ""
[61.437s] -- Execute custom install script
[61.438s] -- Symlinking: /home/nvidia/UGV_Rover/ros2_ws/install/image_proc/lib/image_proc/rectify_node
[61.458s] -- Symlinking: /home/nvidia/UGV_Rover/ros2_ws/install/image_proc/lib/image_proc/debayer_node
[61.476s] -- Symlinking: /home/nvidia/UGV_Rover/ros2_ws/install/image_proc/lib/image_proc/resize_node
[61.494s] -- Symlinking: /home/nvidia/UGV_Rover/ros2_ws/install/image_proc/lib/image_proc/crop_decimate_node
[61.513s] -- Symlinking: /home/nvidia/UGV_Rover/ros2_ws/install/image_proc/lib/image_proc/crop_non_zero_node
[61.532s] -- Symlinking: /home/nvidia/UGV_Rover/ros2_ws/install/image_proc/bin/image_proc
[61.553s] -- Symlinking: /home/nvidia/UGV_Rover/ros2_ws/install/image_proc/include/image_proc/crop_decimate.hpp
[61.573s] -- Symlinking: /home/nvidia/UGV_Rover/ros2_ws/install/image_proc/include/image_proc/crop_non_zero.hpp
[61.590s] -- Symlinking: /home/nvidia/UGV_Rover/ros2_ws/install/image_proc/include/image_proc/debayer.hpp
[61.610s] -- Symlinking: /home/nvidia/UGV_Rover/ros2_ws/install/image_proc/include/image_proc/edge_aware.hpp
[61.629s] -- Symlinking: /home/nvidia/UGV_Rover/ros2_ws/install/image_proc/include/image_proc/processor.hpp
[61.649s] -- Symlinking: /home/nvidia/UGV_Rover/ros2_ws/install/image_proc/include/image_proc/rectify.hpp
[61.670s] -- Symlinking: /home/nvidia/UGV_Rover/ros2_ws/install/image_proc/include/image_proc/resize.hpp
[61.689s] -- Symlinking: /home/nvidia/UGV_Rover/ros2_ws/install/image_proc/include/image_proc/utils.hpp
[61.707s] -- Symlinking: /home/nvidia/UGV_Rover/ros2_ws/install/image_proc/share/image_proc/environment/library_path.sh
[61.724s] -- Symlinking: /home/nvidia/UGV_Rover/ros2_ws/install/image_proc/share/image_proc/environment/library_path.dsv
[61.743s] -- Symlinking: /home/nvidia/UGV_Rover/ros2_ws/install/image_proc/lib/libimage_proc.so
[61.759s] -- Symlinking: /home/nvidia/UGV_Rover/ros2_ws/install/image_proc/lib/librectify.so
[61.779s] -- Symlinking: /home/nvidia/UGV_Rover/ros2_ws/install/image_proc/lib/libdebayer.so
[61.797s] -- Symlinking: /home/nvidia/UGV_Rover/ros2_ws/install/image_proc/lib/libresize.so
[61.817s] -- Symlinking: /home/nvidia/UGV_Rover/ros2_ws/install/image_proc/lib/libcrop_decimate.so
[61.835s] -- Symlinking: /home/nvidia/UGV_Rover/ros2_ws/install/image_proc/lib/libcrop_non_zero.so
[61.859s] -- Symlinking: /home/nvidia/UGV_Rover/ros2_ws/install/image_proc/lib/image_proc/image_proc
[61.877s] -- Symlinking: /home/nvidia/UGV_Rover/ros2_ws/install/image_proc/share/image_proc/launch/image_proc.launch.py
[61.895s] -- Symlinking: /home/nvidia/UGV_Rover/ros2_ws/install/image_proc/share/ament_index/resource_index/package_run_dependencies/image_proc
[61.912s] -- Symlinking: /home/nvidia/UGV_Rover/ros2_ws/install/image_proc/share/ament_index/resource_index/parent_prefix_path/image_proc
[61.930s] -- Symlinking: /home/nvidia/UGV_Rover/ros2_ws/install/image_proc/share/image_proc/environment/ament_prefix_path.sh
[61.949s] -- Symlinking: /home/nvidia/UGV_Rover/ros2_ws/install/image_proc/share/image_proc/environment/ament_prefix_path.dsv
[61.967s] -- Symlinking: /home/nvidia/UGV_Rover/ros2_ws/install/image_proc/share/image_proc/environment/path.sh
[61.986s] -- Symlinking: /home/nvidia/UGV_Rover/ros2_ws/install/image_proc/share/image_proc/environment/path.dsv
[62.004s] -- Symlinking: /home/nvidia/UGV_Rover/ros2_ws/install/image_proc/share/image_proc/local_setup.bash
[62.023s] -- Symlinking: /home/nvidia/UGV_Rover/ros2_ws/install/image_proc/share/image_proc/local_setup.sh
[62.042s] -- Symlinking: /home/nvidia/UGV_Rover/ros2_ws/install/image_proc/share/image_proc/local_setup.zsh
[62.062s] -- Symlinking: /home/nvidia/UGV_Rover/ros2_ws/install/image_proc/share/image_proc/local_setup.dsv
[62.081s] -- Symlinking: /home/nvidia/UGV_Rover/ros2_ws/install/image_proc/share/image_proc/package.dsv
[62.100s] -- Symlinking: /home/nvidia/UGV_Rover/ros2_ws/install/image_proc/share/ament_index/resource_index/packages/image_proc
[62.119s] -- Symlinking: /home/nvidia/UGV_Rover/ros2_ws/install/image_proc/share/ament_index/resource_index/rclcpp_components/image_proc
[62.138s] -- Symlinking: /home/nvidia/UGV_Rover/ros2_ws/install/image_proc/share/image_proc/cmake/ament_cmake_export_dependencies-extras.cmake
[62.156s] -- Symlinking: /home/nvidia/UGV_Rover/ros2_ws/install/image_proc/share/image_proc/cmake/ament_cmake_export_include_directories-extras.cmake
[62.174s] -- Symlinking: /home/nvidia/UGV_Rover/ros2_ws/install/image_proc/share/image_proc/cmake/ament_cmake_export_libraries-extras.cmake
[62.193s] -- Symlinking: /home/nvidia/UGV_Rover/ros2_ws/install/image_proc/share/image_proc/cmake/image_procConfig.cmake
[62.211s] -- Symlinking: /home/nvidia/UGV_Rover/ros2_ws/install/image_proc/share/image_proc/cmake/image_procConfig-version.cmake
[62.229s] -- Symlinking: /home/nvidia/UGV_Rover/ros2_ws/install/image_proc/share/image_proc/package.xml
[62.253s] Invoked command in '/home/nvidia/UGV_Rover/ros2_ws/build/image_proc' returned '0': AMENT_PREFIX_PATH=/home/nvidia/UGV_Rover/ros2_ws/install/tracetools_image_pipeline:${AMENT_PREFIX_PATH} CMAKE_PREFIX_PATH=/home/nvidia/UGV_Rover/ros2_ws/install/tracetools_image_pipeline:/opt/ros/humble LD_LIBRARY_PATH=/home/nvidia/UGV_Rover/ros2_ws/install/tracetools_image_pipeline/lib:/usr/local/lib:/usr/local/cuda-12.6/lib64:/opt/ros/humble/opt/rviz_ogre_vendor/lib:/opt/ros/humble/lib/aarch64-linux-gnu:/opt/ros/humble/lib:/usr/local/lib:/usr/local/cuda-12.6/lib64 /usr/bin/cmake --install /home/nvidia/UGV_Rover/ros2_ws/build/image_proc
