[0.019s] Invoking command in '/home/nvidia/UGV_Rover/ros2_ws/build/ldlidar_stl_ros2': CMAKE_PREFIX_PATH=/opt/ros/humble /usr/bin/cmake /home/nvidia/UGV_Rover/ros2_ws/src/ldlidar_stl_ros2 -DCMAKE_INSTALL_PREFIX=/home/nvidia/UGV_Rover/ros2_ws/install/ldlidar_stl_ros2
[0.163s] -- The C compiler identification is GNU 11.4.0
[0.301s] -- The CXX compiler identification is GNU 11.4.0
[0.322s] -- Detecting C compiler ABI info
[0.462s] -- Detecting C compiler ABI info - done
[0.485s] -- Check for working C compiler: /usr/bin/cc - skipped
[0.486s] -- Detecting C compile features
[0.488s] -- Detecting C compile features - done
[0.500s] -- Detecting CXX compiler ABI info
[0.665s] -- Detecting CXX compiler ABI info - done
[0.690s] -- Check for working CXX compiler: /usr/bin/c++ - skipped
[0.691s] -- Detecting CXX compile features
[0.693s] -- Detecting CXX compile features - done
[0.708s] -- Found ament_cmake: 1.3.12 (/opt/ros/humble/share/ament_cmake/cmake)
[1.450s] -- Found Python3: /usr/bin/python3 (found version "3.10.12") found components: Interpreter 
[1.646s] -- Found rclcpp: 16.0.15 (/opt/ros/humble/share/rclcpp/cmake)
[1.727s] -- Found rosidl_generator_c: 3.1.7 (/opt/ros/humble/share/rosidl_generator_c/cmake)
[1.734s] -- Found rosidl_adapter: 3.1.7 (/opt/ros/humble/share/rosidl_adapter/cmake)
[1.751s] -- Found rosidl_generator_cpp: 3.1.7 (/opt/ros/humble/share/rosidl_generator_cpp/cmake)
[1.773s] -- Using all available rosidl_typesupport_c: rosidl_typesupport_fastrtps_c;rosidl_typesupport_introspection_c
[1.800s] -- Using all available rosidl_typesupport_cpp: rosidl_typesupport_fastrtps_cpp;rosidl_typesupport_introspection_cpp
[1.876s] -- Found rmw_implementation_cmake: 6.1.2 (/opt/ros/humble/share/rmw_implementation_cmake/cmake)
[1.880s] -- Found rmw_fastrtps_cpp: 6.2.9 (/opt/ros/humble/share/rmw_fastrtps_cpp/cmake)
[2.025s] -- Found OpenSSL: /usr/lib/aarch64-linux-gnu/libcrypto.so (found version "3.0.2")  
[2.086s] -- Found FastRTPS: /opt/ros/humble/include  
[2.156s] -- Using RMW implementation 'rmw_fastrtps_cpp' as default
[2.172s] -- Looking for pthread.h
[2.304s] -- Looking for pthread.h - found
[2.305s] -- Performing Test CMAKE_HAVE_LIBC_PTHREAD
[2.472s] -- Performing Test CMAKE_HAVE_LIBC_PTHREAD - Success
[2.475s] -- Found Threads: TRUE  
[2.611s] -- Found sensor_msgs: 4.9.0 (/opt/ros/humble/share/sensor_msgs/cmake)
[2.669s] -- Found ament_lint_auto: 0.12.14 (/opt/ros/humble/share/ament_lint_auto/cmake)
[2.834s] -- Added test 'copyright' to check source files copyright and LICENSE
[2.845s] -- Added test 'cppcheck' to perform static code analysis on C / C++ code
[2.846s] -- Configured cppcheck include dirs: /home/nvidia/UGV_Rover/ros2_ws/src/ldlidar_stl_ros2/include;/home/nvidia/UGV_Rover/ros2_ws/src/ldlidar_stl_ros2/ldlidar_driver/include/core;/home/nvidia/UGV_Rover/ros2_ws/src/ldlidar_stl_ros2/ldlidar_driver/include/dataprocess;/home/nvidia/UGV_Rover/ros2_ws/src/ldlidar_stl_ros2/ldlidar_driver/include/filter;/home/nvidia/UGV_Rover/ros2_ws/src/ldlidar_stl_ros2/ldlidar_driver/include/logger;/home/nvidia/UGV_Rover/ros2_ws/src/ldlidar_stl_ros2/ldlidar_driver/include/networkcom;/home/nvidia/UGV_Rover/ros2_ws/src/ldlidar_stl_ros2/ldlidar_driver/include/serialcom
[2.846s] -- Configured cppcheck exclude dirs and/or files: 
[2.857s] -- Added test 'cpplint' to check C / C++ code against the Google style
[2.857s] -- Configured cpplint exclude dirs and/or files: 
[2.859s] -- Added test 'flake8' to check Python code syntax and style conventions
[2.863s] -- Added test 'lint_cmake' to check CMake code style
[2.865s] -- Added test 'pep257' to check Python code against some of the docstring style conventions in PEP 257
[2.875s] -- Added test 'uncrustify' to check C / C++ code style
[2.875s] -- Configured uncrustify additional arguments: 
[2.877s] -- Added test 'xmllint' to check XML markup files
[2.880s] -- Configuring done
[2.904s] -- Generating done
[2.911s] -- Build files have been written to: /home/nvidia/UGV_Rover/ros2_ws/build/ldlidar_stl_ros2
[2.934s] Invoked command in '/home/nvidia/UGV_Rover/ros2_ws/build/ldlidar_stl_ros2' returned '0': CMAKE_PREFIX_PATH=/opt/ros/humble /usr/bin/cmake /home/nvidia/UGV_Rover/ros2_ws/src/ldlidar_stl_ros2 -DCMAKE_INSTALL_PREFIX=/home/nvidia/UGV_Rover/ros2_ws/install/ldlidar_stl_ros2
[2.939s] Invoking command in '/home/nvidia/UGV_Rover/ros2_ws/build/ldlidar_stl_ros2': CMAKE_PREFIX_PATH=/opt/ros/humble /usr/bin/cmake --build /home/nvidia/UGV_Rover/ros2_ws/build/ldlidar_stl_ros2 -- -j6 -l6
[3.040s] [ 50%] [32mBuilding CXX object CMakeFiles/ldlidar_stl_ros2_node.dir/ldlidar_driver/src/dataprocess/lipkg.cpp.o[0m
[3.040s] [ 50%] [32mBuilding CXX object CMakeFiles/ldlidar_stl_ros2_node.dir/src/demo.cpp.o[0m
[3.040s] [ 62%] [32mBuilding CXX object CMakeFiles/ldlidar_stl_ros2_node.dir/ldlidar_driver/src/core/ldlidar_driver.cpp.o[0m
[3.041s] [ 62%] [32mBuilding CXX object CMakeFiles/ldlidar_stl_ros2_node.dir/ldlidar_driver/src/filter/tofbf.cpp.o[0m
[3.041s] [ 50%] [32mBuilding CXX object CMakeFiles/ldlidar_stl_ros2_node.dir/ldlidar_driver/src/logger/log_module.cpp.o[0m
[3.042s] [ 75%] [32mBuilding CXX object CMakeFiles/ldlidar_stl_ros2_node.dir/ldlidar_driver/src/networkcom/network_socket_interface_linux.cpp.o[0m
[3.657s] [ 87%] [32mBuilding CXX object CMakeFiles/ldlidar_stl_ros2_node.dir/ldlidar_driver/src/serialcom/serial_interface_linux.cpp.o[0m
[12.106s] [100%] [32m[1mLinking CXX executable ldlidar_stl_ros2_node[0m
[12.540s] [100%] Built target ldlidar_stl_ros2_node
[12.566s] Invoked command in '/home/nvidia/UGV_Rover/ros2_ws/build/ldlidar_stl_ros2' returned '0': CMAKE_PREFIX_PATH=/opt/ros/humble /usr/bin/cmake --build /home/nvidia/UGV_Rover/ros2_ws/build/ldlidar_stl_ros2 -- -j6 -l6
[12.592s] Invoking command in '/home/nvidia/UGV_Rover/ros2_ws/build/ldlidar_stl_ros2': CMAKE_PREFIX_PATH=/opt/ros/humble /usr/bin/cmake --install /home/nvidia/UGV_Rover/ros2_ws/build/ldlidar_stl_ros2
[12.608s] -- Install configuration: ""
[12.608s] -- Installing: /home/nvidia/UGV_Rover/ros2_ws/install/ldlidar_stl_ros2/lib/ldlidar_stl_ros2/ldlidar_stl_ros2_node
[12.611s] -- Set runtime path of "/home/nvidia/UGV_Rover/ros2_ws/install/ldlidar_stl_ros2/lib/ldlidar_stl_ros2/ldlidar_stl_ros2_node" to ""
[12.612s] -- Installing: /home/nvidia/UGV_Rover/ros2_ws/install/ldlidar_stl_ros2/share/ldlidar_stl_ros2//launch
[12.612s] -- Installing: /home/nvidia/UGV_Rover/ros2_ws/install/ldlidar_stl_ros2/share/ldlidar_stl_ros2//launch/ld19.launch.py
[12.612s] -- Installing: /home/nvidia/UGV_Rover/ros2_ws/install/ldlidar_stl_ros2/share/ldlidar_stl_ros2//launch/stl27l.launch.py
[12.612s] -- Installing: /home/nvidia/UGV_Rover/ros2_ws/install/ldlidar_stl_ros2/share/ldlidar_stl_ros2//launch/viewer_ld06.launch.py
[12.612s] -- Installing: /home/nvidia/UGV_Rover/ros2_ws/install/ldlidar_stl_ros2/share/ldlidar_stl_ros2//launch/viewer_ld19.launch.py
[12.612s] -- Installing: /home/nvidia/UGV_Rover/ros2_ws/install/ldlidar_stl_ros2/share/ldlidar_stl_ros2//launch/viewer_stl27l.launch.py
[12.613s] -- Installing: /home/nvidia/UGV_Rover/ros2_ws/install/ldlidar_stl_ros2/share/ldlidar_stl_ros2//launch/ld06.launch.py
[12.613s] -- Installing: /home/nvidia/UGV_Rover/ros2_ws/install/ldlidar_stl_ros2/share/ldlidar_stl_ros2//rviz2
[12.613s] -- Installing: /home/nvidia/UGV_Rover/ros2_ws/install/ldlidar_stl_ros2/share/ldlidar_stl_ros2//rviz2/ldlidar.rviz
[12.613s] -- Installing: /home/nvidia/UGV_Rover/ros2_ws/install/ldlidar_stl_ros2/share/ament_index/resource_index/package_run_dependencies/ldlidar_stl_ros2
[12.614s] -- Installing: /home/nvidia/UGV_Rover/ros2_ws/install/ldlidar_stl_ros2/share/ament_index/resource_index/parent_prefix_path/ldlidar_stl_ros2
[12.614s] -- Installing: /home/nvidia/UGV_Rover/ros2_ws/install/ldlidar_stl_ros2/share/ldlidar_stl_ros2/environment/ament_prefix_path.sh
[12.614s] -- Installing: /home/nvidia/UGV_Rover/ros2_ws/install/ldlidar_stl_ros2/share/ldlidar_stl_ros2/environment/ament_prefix_path.dsv
[12.615s] -- Installing: /home/nvidia/UGV_Rover/ros2_ws/install/ldlidar_stl_ros2/share/ldlidar_stl_ros2/environment/path.sh
[12.615s] -- Installing: /home/nvidia/UGV_Rover/ros2_ws/install/ldlidar_stl_ros2/share/ldlidar_stl_ros2/environment/path.dsv
[12.616s] -- Installing: /home/nvidia/UGV_Rover/ros2_ws/install/ldlidar_stl_ros2/share/ldlidar_stl_ros2/local_setup.bash
[12.616s] -- Installing: /home/nvidia/UGV_Rover/ros2_ws/install/ldlidar_stl_ros2/share/ldlidar_stl_ros2/local_setup.sh
[12.616s] -- Installing: /home/nvidia/UGV_Rover/ros2_ws/install/ldlidar_stl_ros2/share/ldlidar_stl_ros2/local_setup.zsh
[12.616s] -- Installing: /home/nvidia/UGV_Rover/ros2_ws/install/ldlidar_stl_ros2/share/ldlidar_stl_ros2/local_setup.dsv
[12.616s] -- Installing: /home/nvidia/UGV_Rover/ros2_ws/install/ldlidar_stl_ros2/share/ldlidar_stl_ros2/package.dsv
[12.617s] -- Installing: /home/nvidia/UGV_Rover/ros2_ws/install/ldlidar_stl_ros2/share/ament_index/resource_index/packages/ldlidar_stl_ros2
[12.617s] -- Installing: /home/nvidia/UGV_Rover/ros2_ws/install/ldlidar_stl_ros2/share/ldlidar_stl_ros2/cmake/ldlidar_stl_ros2Config.cmake
[12.617s] -- Installing: /home/nvidia/UGV_Rover/ros2_ws/install/ldlidar_stl_ros2/share/ldlidar_stl_ros2/cmake/ldlidar_stl_ros2Config-version.cmake
[12.617s] -- Installing: /home/nvidia/UGV_Rover/ros2_ws/install/ldlidar_stl_ros2/share/ldlidar_stl_ros2/package.xml
[12.623s] Invoked command in '/home/nvidia/UGV_Rover/ros2_ws/build/ldlidar_stl_ros2' returned '0': CMAKE_PREFIX_PATH=/opt/ros/humble /usr/bin/cmake --install /home/nvidia/UGV_Rover/ros2_ws/build/ldlidar_stl_ros2
