[1.370s] Invoking command in '/home/nvidia/UGV_Rover/ros2_ws/build/hardware_interface_py': PYTHONPATH=/home/nvidia/UGV_Rover/ros2_ws/build/hardware_interface_py/prefix_override:/usr/lib/python3/dist-packages/colcon_core/task/python/colcon_distutils_commands:/home/nvidia/UGV_Rover/ros2_ws/install/hardware_interface_py/lib/python3.10/site-packages:${PYTHONPATH} /usr/bin/python3 -W ignore:setup.py install is deprecated -W ignore:easy_install command is deprecated setup.py develop --editable --build-directory /home/nvidia/UGV_Rover/ros2_ws/build/hardware_interface_py/build --no-deps symlink_data
[1.984s] running develop
[2.389s] running egg_info
[2.419s] writing hardware_interface_py.egg-info/PKG-INFO
[2.423s] writing dependency_links to hardware_interface_py.egg-info/dependency_links.txt
[2.424s] writing entry points to hardware_interface_py.egg-info/entry_points.txt
[2.425s] writing requirements to hardware_interface_py.egg-info/requires.txt
[2.425s] writing top-level names to hardware_interface_py.egg-info/top_level.txt
[2.488s] reading manifest file 'hardware_interface_py.egg-info/SOURCES.txt'
[2.491s] writing manifest file 'hardware_interface_py.egg-info/SOURCES.txt'
[2.522s] running build_ext
[2.523s] Creating /home/nvidia/UGV_Rover/ros2_ws/install/hardware_interface_py/lib/python3.10/site-packages/hardware-interface-py.egg-link (link to .)
[2.524s] Installing ESP_agent script to /home/nvidia/UGV_Rover/ros2_ws/install/hardware_interface_py/lib/hardware_interface_py
[2.525s] 
[2.525s] Installed /home/nvidia/UGV_Rover/ros2_ws/build/hardware_interface_py
[2.525s] running symlink_data
[2.526s] creating /home/nvidia/UGV_Rover/ros2_ws/install/hardware_interface_py/share/hardware_interface_py/launch
[2.526s] creating /home/nvidia/UGV_Rover/ros2_ws/install/hardware_interface_py/share/hardware_interface_py/config
[2.526s] symbolically linking /home/nvidia/UGV_Rover/ros2_ws/build/hardware_interface_py/config/base_config.yaml -> /home/nvidia/UGV_Rover/ros2_ws/install/hardware_interface_py/share/hardware_interface_py/config
[2.527s] creating /home/nvidia/UGV_Rover/ros2_ws/install/hardware_interface_py/share/hardware_interface_py/data
[2.612s] Invoked command in '/home/nvidia/UGV_Rover/ros2_ws/build/hardware_interface_py' returned '0': PYTHONPATH=/home/nvidia/UGV_Rover/ros2_ws/build/hardware_interface_py/prefix_override:/usr/lib/python3/dist-packages/colcon_core/task/python/colcon_distutils_commands:/home/nvidia/UGV_Rover/ros2_ws/install/hardware_interface_py/lib/python3.10/site-packages:${PYTHONPATH} /usr/bin/python3 -W ignore:setup.py install is deprecated -W ignore:easy_install command is deprecated setup.py develop --editable --build-directory /home/nvidia/UGV_Rover/ros2_ws/build/hardware_interface_py/build --no-deps symlink_data
