[0.015s] Invoking command in '/home/nvidia/UGV_Rover/ros2_ws/build/tracetools_image_pipeline': CMAKE_PREFIX_PATH=/opt/ros/humble /usr/bin/cmake /home/nvidia/UGV_Rover/ros2_ws/src/image_pipeline/tracetools_image_pipeline -DAMENT_CMAKE_SYMLINK_INSTALL=1 -DCMAKE_INSTALL_PREFIX=/home/nvidia/UGV_Rover/ros2_ws/install/tracetools_image_pipeline
[0.126s] -- The C compiler identification is GNU 11.4.0
[0.256s] -- The CXX compiler identification is GNU 11.4.0
[0.279s] -- Detecting C compiler ABI info
[0.432s] -- Detecting C compiler ABI info - done
[0.458s] -- Check for working C compiler: /usr/bin/cc - skipped
[0.461s] -- Detecting C compile features
[0.462s] -- Detecting C compile features - done
[0.474s] -- Detecting CXX compiler ABI info
[0.645s] -- Detecting CXX compiler ABI info - done
[0.672s] -- Check for working CXX compiler: /usr/bin/c++ - skipped
[0.672s] -- Detecting CXX compile features
[0.673s] -- Detecting CXX compile features - done
[0.683s] -- Found ament_cmake_ros: 0.10.0 (/opt/ros/humble/share/ament_cmake_ros/cmake)
[1.444s] -- Found Python3: /usr/bin/python3 (found version "3.10.12") found components: Interpreter 
[1.579s] -- Override CMake install command with custom implementation using symlinks instead of copying resources
[1.641s] -- Found PkgConfig: /usr/bin/pkg-config (found version "0.29.2") 
[1.643s] -- Checking for module 'lttng-ust'
[1.648s] --   No package 'lttng-ust' found
[1.660s] -- Found ament_lint_auto: 0.12.14 (/opt/ros/humble/share/ament_lint_auto/cmake)
[1.844s] -- Added test 'copyright' to check source files copyright and LICENSE
[1.847s] -- Added test 'cppcheck' to perform static code analysis on C / C++ code
[1.847s] -- Configured cppcheck include dirs: 
[1.847s] -- Configured cppcheck exclude dirs and/or files: 
[1.850s] -- Added test 'cpplint' to check C / C++ code against the Google style
[1.850s] -- Configured cpplint exclude dirs and/or files: 
[1.852s] -- Added test 'lint_cmake' to check CMake code style
[1.854s] -- Added test 'uncrustify' to check C / C++ code style
[1.854s] -- Configured uncrustify additional arguments: 
[1.856s] -- Added test 'xmllint' to check XML markup files
[1.861s] -- Configuring done
[1.876s] -- Generating done
[1.882s] -- Build files have been written to: /home/nvidia/UGV_Rover/ros2_ws/build/tracetools_image_pipeline
[1.892s] Invoked command in '/home/nvidia/UGV_Rover/ros2_ws/build/tracetools_image_pipeline' returned '0': CMAKE_PREFIX_PATH=/opt/ros/humble /usr/bin/cmake /home/nvidia/UGV_Rover/ros2_ws/src/image_pipeline/tracetools_image_pipeline -DAMENT_CMAKE_SYMLINK_INSTALL=1 -DCMAKE_INSTALL_PREFIX=/home/nvidia/UGV_Rover/ros2_ws/install/tracetools_image_pipeline
[1.896s] Invoking command in '/home/nvidia/UGV_Rover/ros2_ws/build/tracetools_image_pipeline': CMAKE_PREFIX_PATH=/opt/ros/humble /usr/bin/cmake --build /home/nvidia/UGV_Rover/ros2_ws/build/tracetools_image_pipeline -- -j6 -l6
[1.991s] [ 40%] [32mBuilding C object CMakeFiles/tracetools_image_pipeline.dir/src/tracetools.c.o[0m
[1.991s] [ 40%] [32mBuilding CXX object CMakeFiles/tracetools_image_pipeline.dir/src/utils.cpp.o[0m
[2.185s] [ 60%] [32m[1mLinking CXX shared library libtracetools_image_pipeline.so[0m
[2.267s] [ 60%] Built target tracetools_image_pipeline
[2.308s] [ 80%] [32mBuilding C object CMakeFiles/status.dir/src/status.c.o[0m
[2.373s] [100%] [32m[1mLinking C executable status[0m
[2.445s] [100%] Built target status
[2.474s] Invoked command in '/home/nvidia/UGV_Rover/ros2_ws/build/tracetools_image_pipeline' returned '0': CMAKE_PREFIX_PATH=/opt/ros/humble /usr/bin/cmake --build /home/nvidia/UGV_Rover/ros2_ws/build/tracetools_image_pipeline -- -j6 -l6
[2.497s] Invoking command in '/home/nvidia/UGV_Rover/ros2_ws/build/tracetools_image_pipeline': CMAKE_PREFIX_PATH=/opt/ros/humble /usr/bin/cmake --install /home/nvidia/UGV_Rover/ros2_ws/build/tracetools_image_pipeline
[2.514s] -- Install configuration: ""
[2.515s] -- Execute custom install script
[2.516s] -- Symlinking: /home/nvidia/UGV_Rover/ros2_ws/install/tracetools_image_pipeline/share/tracetools_image_pipeline/environment/library_path.sh
[2.535s] -- Symlinking: /home/nvidia/UGV_Rover/ros2_ws/install/tracetools_image_pipeline/share/tracetools_image_pipeline/environment/library_path.dsv
[2.558s] -- Symlinking: /home/nvidia/UGV_Rover/ros2_ws/install/tracetools_image_pipeline/lib/tracetools_image_pipeline/status
[2.579s] -- Symlinking: /home/nvidia/UGV_Rover/ros2_ws/install/tracetools_image_pipeline/include/tracetools_image_pipeline/config.h
[2.600s] -- Symlinking: /home/nvidia/UGV_Rover/ros2_ws/install/tracetools_image_pipeline/include/tracetools_image_pipeline/tracetools.h
[2.620s] -- Symlinking: /home/nvidia/UGV_Rover/ros2_ws/install/tracetools_image_pipeline/include/tracetools_image_pipeline/utils.hpp
[2.641s] -- Symlinking: /home/nvidia/UGV_Rover/ros2_ws/install/tracetools_image_pipeline/include/tracetools_image_pipeline/visibility_control.hpp
[2.661s] -- Symlinking: /home/nvidia/UGV_Rover/ros2_ws/install/tracetools_image_pipeline/share/ament_index/resource_index/package_run_dependencies/tracetools_image_pipeline
[2.681s] -- Symlinking: /home/nvidia/UGV_Rover/ros2_ws/install/tracetools_image_pipeline/share/ament_index/resource_index/parent_prefix_path/tracetools_image_pipeline
[2.701s] -- Symlinking: /home/nvidia/UGV_Rover/ros2_ws/install/tracetools_image_pipeline/share/tracetools_image_pipeline/environment/ament_prefix_path.sh
[2.721s] -- Symlinking: /home/nvidia/UGV_Rover/ros2_ws/install/tracetools_image_pipeline/share/tracetools_image_pipeline/environment/ament_prefix_path.dsv
[2.739s] -- Symlinking: /home/nvidia/UGV_Rover/ros2_ws/install/tracetools_image_pipeline/share/tracetools_image_pipeline/environment/path.sh
[2.759s] -- Symlinking: /home/nvidia/UGV_Rover/ros2_ws/install/tracetools_image_pipeline/share/tracetools_image_pipeline/environment/path.dsv
[2.779s] -- Symlinking: /home/nvidia/UGV_Rover/ros2_ws/install/tracetools_image_pipeline/share/tracetools_image_pipeline/local_setup.bash
[2.799s] -- Symlinking: /home/nvidia/UGV_Rover/ros2_ws/install/tracetools_image_pipeline/share/tracetools_image_pipeline/local_setup.sh
[2.816s] -- Symlinking: /home/nvidia/UGV_Rover/ros2_ws/install/tracetools_image_pipeline/share/tracetools_image_pipeline/local_setup.zsh
[2.834s] -- Symlinking: /home/nvidia/UGV_Rover/ros2_ws/install/tracetools_image_pipeline/share/tracetools_image_pipeline/local_setup.dsv
[2.853s] -- Symlinking: /home/nvidia/UGV_Rover/ros2_ws/install/tracetools_image_pipeline/share/tracetools_image_pipeline/package.dsv
[2.873s] -- Symlinking: /home/nvidia/UGV_Rover/ros2_ws/install/tracetools_image_pipeline/share/ament_index/resource_index/packages/tracetools_image_pipeline
[2.893s] -- Symlinking: /home/nvidia/UGV_Rover/ros2_ws/install/tracetools_image_pipeline/share/tracetools_image_pipeline/cmake/ament_cmake_export_targets-extras.cmake
[2.915s] -- Symlinking: /home/nvidia/UGV_Rover/ros2_ws/install/tracetools_image_pipeline/share/tracetools_image_pipeline/cmake/ament_cmake_export_include_directories-extras.cmake
[2.934s] -- Symlinking: /home/nvidia/UGV_Rover/ros2_ws/install/tracetools_image_pipeline/share/tracetools_image_pipeline/cmake/ament_cmake_export_libraries-extras.cmake
[2.953s] -- Symlinking: /home/nvidia/UGV_Rover/ros2_ws/install/tracetools_image_pipeline/share/tracetools_image_pipeline/cmake/tracetools_image_pipelineConfig.cmake
[2.971s] -- Symlinking: /home/nvidia/UGV_Rover/ros2_ws/install/tracetools_image_pipeline/share/tracetools_image_pipeline/cmake/tracetools_image_pipelineConfig-version.cmake
[2.991s] -- Symlinking: /home/nvidia/UGV_Rover/ros2_ws/install/tracetools_image_pipeline/share/tracetools_image_pipeline/package.xml
[3.010s] -- Installing: /home/nvidia/UGV_Rover/ros2_ws/install/tracetools_image_pipeline/lib/libtracetools_image_pipeline.so
[3.011s] -- Installing: /home/nvidia/UGV_Rover/ros2_ws/install/tracetools_image_pipeline/share/tracetools_image_pipeline/cmake/tracetools_image_pipeline_exportExport.cmake
[3.011s] -- Installing: /home/nvidia/UGV_Rover/ros2_ws/install/tracetools_image_pipeline/share/tracetools_image_pipeline/cmake/tracetools_image_pipeline_exportExport-noconfig.cmake
[3.019s] Invoked command in '/home/nvidia/UGV_Rover/ros2_ws/build/tracetools_image_pipeline' returned '0': CMAKE_PREFIX_PATH=/opt/ros/humble /usr/bin/cmake --install /home/nvidia/UGV_Rover/ros2_ws/build/tracetools_image_pipeline
